mode: set
github.com/jamesprial/mcp-universal-bridge/cmd/mcp-bridge/main.go:33.13,53.42 9 0
github.com/jamesprial/mcp-universal-bridge/cmd/mcp-bridge/main.go:53.42,56.3 2 0
github.com/jamesprial/mcp-universal-bridge/cmd/mcp-bridge/main.go:59.51,65.16 3 0
github.com/jamesprial/mcp-universal-bridge/cmd/mcp-bridge/main.go:65.16,67.3 1 0
github.com/jamesprial/mcp-universal-bridge/cmd/mcp-bridge/main.go:70.2,70.21 1 0
github.com/jamesprial/mcp-universal-bridge/cmd/mcp-bridge/main.go:70.21,72.3 1 0
github.com/jamesprial/mcp-universal-bridge/cmd/mcp-bridge/main.go:73.2,73.11 1 0
github.com/jamesprial/mcp-universal-bridge/cmd/mcp-bridge/main.go:73.11,76.3 2 0
github.com/jamesprial/mcp-universal-bridge/cmd/mcp-bridge/main.go:78.2,86.16 3 0
github.com/jamesprial/mcp-universal-bridge/cmd/mcp-bridge/main.go:86.16,88.3 1 0
github.com/jamesprial/mcp-universal-bridge/cmd/mcp-bridge/main.go:91.2,97.12 5 0
github.com/jamesprial/mcp-universal-bridge/cmd/mcp-bridge/main.go:97.12,106.3 6 0
github.com/jamesprial/mcp-universal-bridge/cmd/mcp-bridge/main.go:109.2,109.37 1 0
github.com/jamesprial/mcp-universal-bridge/cmd/mcp-bridge/main.go:109.37,111.3 1 0
github.com/jamesprial/mcp-universal-bridge/cmd/mcp-bridge/main.go:114.2,114.18 1 0
github.com/jamesprial/mcp-universal-bridge/cmd/mcp-bridge/main.go:117.34,121.48 1 0
github.com/jamesprial/mcp-universal-bridge/cmd/mcp-bridge/main.go:121.48,128.4 6 0
github.com/jamesprial/mcp-universal-bridge/cmd/mcp-bridge/main.go:132.31,136.55 1 0
github.com/jamesprial/mcp-universal-bridge/cmd/mcp-bridge/main.go:136.55,139.23 2 0
github.com/jamesprial/mcp-universal-bridge/cmd/mcp-bridge/main.go:139.23,141.5 1 0
github.com/jamesprial/mcp-universal-bridge/cmd/mcp-bridge/main.go:143.4,151.18 5 0
github.com/jamesprial/mcp-universal-bridge/cmd/mcp-bridge/main.go:151.18,153.5 1 0
github.com/jamesprial/mcp-universal-bridge/cmd/mcp-bridge/main.go:154.4,157.14 3 0
github.com/jamesprial/mcp-universal-bridge/cmd/mcp-bridge/main.go:161.2,164.12 3 0
github.com/jamesprial/mcp-universal-bridge/cmd/mcp-bridge/main.go:167.21,169.34 1 0
github.com/jamesprial/mcp-universal-bridge/cmd/mcp-bridge/main.go:169.34,171.3 1 0
github.com/jamesprial/mcp-universal-bridge/cmd/mcp-bridge/main.go:171.8,171.31 1 0
github.com/jamesprial/mcp-universal-bridge/cmd/mcp-bridge/main.go:171.31,173.3 1 0
github.com/jamesprial/mcp-universal-bridge/cmd/mcp-bridge/main.go:173.8,173.32 1 0
github.com/jamesprial/mcp-universal-bridge/cmd/mcp-bridge/main.go:173.32,175.3 1 0
github.com/jamesprial/mcp-universal-bridge/cmd/mcp-bridge/main.go:175.8,177.3 1 0
github.com/jamesprial/mcp-universal-bridge/cmd/mcp-bridge/main.go:180.2,180.43 1 0
github.com/jamesprial/mcp-universal-bridge/cmd/mcp-bridge/main.go:180.43,185.3 1 0
github.com/jamesprial/mcp-universal-bridge/cmd/mcp-bridge/main.go:185.8,188.3 1 0
github.com/jamesprial/mcp-universal-bridge/cmd/mcp-bridge/main.go:191.2,194.11 1 0
github.com/jamesprial/mcp-universal-bridge/pkg/mcp/protocol.go:35.40,36.11 1 1
github.com/jamesprial/mcp-universal-bridge/pkg/mcp/protocol.go:37.21,38.16 1 1
github.com/jamesprial/mcp-universal-bridge/pkg/mcp/protocol.go:39.20,40.15 1 1
github.com/jamesprial/mcp-universal-bridge/pkg/mcp/protocol.go:41.26,42.21 1 1
github.com/jamesprial/mcp-universal-bridge/pkg/mcp/protocol.go:43.10,44.16 1 1
github.com/jamesprial/mcp-universal-bridge/pkg/mcp/protocol.go:49.80,51.38 2 0
github.com/jamesprial/mcp-universal-bridge/pkg/mcp/protocol.go:51.38,53.3 1 0
github.com/jamesprial/mcp-universal-bridge/pkg/mcp/protocol.go:55.2,55.11 1 0
github.com/jamesprial/mcp-universal-bridge/pkg/mcp/protocol.go:56.14,57.21 1 0
github.com/jamesprial/mcp-universal-bridge/pkg/mcp/protocol.go:58.14,59.21 1 0
github.com/jamesprial/mcp-universal-bridge/pkg/mcp/protocol.go:60.13,61.20 1 0
github.com/jamesprial/mcp-universal-bridge/pkg/mcp/protocol.go:62.19,63.26 1 0
github.com/jamesprial/mcp-universal-bridge/pkg/mcp/protocol.go:64.10,65.53 1 0
github.com/jamesprial/mcp-universal-bridge/pkg/mcp/protocol.go:68.2,68.12 1 0
github.com/jamesprial/mcp-universal-bridge/pkg/mcp/protocol.go:72.59,74.2 1 0
github.com/jamesprial/mcp-universal-bridge/pkg/mcp/protocol.go:77.50,79.51 2 1
github.com/jamesprial/mcp-universal-bridge/pkg/mcp/protocol.go:79.51,81.3 1 1
github.com/jamesprial/mcp-universal-bridge/pkg/mcp/protocol.go:82.2,82.18 1 1
github.com/jamesprial/mcp-universal-bridge/pkg/mcp/protocol.go:86.45,88.2 1 1
github.com/jamesprial/mcp-universal-bridge/pkg/mcp/protocol.go:91.36,93.2 1 1
github.com/jamesprial/mcp-universal-bridge/pkg/mcp/protocol.go:96.41,98.2 1 1
github.com/jamesprial/mcp-universal-bridge/pkg/mcp/protocol.go:101.37,103.2 1 1
github.com/jamesprial/mcp-universal-bridge/internal/config/config.go:61.30,86.2 1 1
github.com/jamesprial/mcp-universal-bridge/internal/config/config.go:89.65,93.22 2 1
github.com/jamesprial/mcp-universal-bridge/internal/config/config.go:93.22,95.46 2 0
github.com/jamesprial/mcp-universal-bridge/internal/config/config.go:95.46,97.4 1 0
github.com/jamesprial/mcp-universal-bridge/internal/config/config.go:99.3,99.46 1 0
github.com/jamesprial/mcp-universal-bridge/internal/config/config.go:99.46,101.4 1 0
github.com/jamesprial/mcp-universal-bridge/internal/config/config.go:105.2,109.21 3 1
github.com/jamesprial/mcp-universal-bridge/internal/config/config.go:109.21,111.3 1 1
github.com/jamesprial/mcp-universal-bridge/internal/config/config.go:114.2,114.53 1 1
github.com/jamesprial/mcp-universal-bridge/internal/config/config.go:114.53,116.3 1 1
github.com/jamesprial/mcp-universal-bridge/internal/config/config.go:118.2,118.64 1 1
github.com/jamesprial/mcp-universal-bridge/internal/config/config.go:118.64,119.20 1 1
github.com/jamesprial/mcp-universal-bridge/internal/config/config.go:120.14,121.43 1 1
github.com/jamesprial/mcp-universal-bridge/internal/config/config.go:122.15,123.44 1 0
github.com/jamesprial/mcp-universal-bridge/internal/config/config.go:124.26,125.49 1 0
github.com/jamesprial/mcp-universal-bridge/internal/config/config.go:126.11,127.44 1 0
github.com/jamesprial/mcp-universal-bridge/internal/config/config.go:131.2,131.56 1 1
github.com/jamesprial/mcp-universal-bridge/internal/config/config.go:131.56,133.3 1 1
github.com/jamesprial/mcp-universal-bridge/internal/config/config.go:135.2,135.52 1 1
github.com/jamesprial/mcp-universal-bridge/internal/config/config.go:135.52,137.3 1 1
github.com/jamesprial/mcp-universal-bridge/internal/config/config.go:140.2,140.39 1 1
github.com/jamesprial/mcp-universal-bridge/internal/config/config.go:140.39,142.3 1 0
github.com/jamesprial/mcp-universal-bridge/internal/config/config.go:144.2,144.17 1 1
github.com/jamesprial/mcp-universal-bridge/internal/config/config.go:148.49,150.16 2 1
github.com/jamesprial/mcp-universal-bridge/internal/config/config.go:150.16,152.3 1 1
github.com/jamesprial/mcp-universal-bridge/internal/config/config.go:154.2,155.50 2 1
github.com/jamesprial/mcp-universal-bridge/internal/config/config.go:155.50,157.3 1 1
github.com/jamesprial/mcp-universal-bridge/internal/config/config.go:159.2,159.39 1 1
github.com/jamesprial/mcp-universal-bridge/internal/config/config.go:159.39,161.3 1 0
github.com/jamesprial/mcp-universal-bridge/internal/config/config.go:163.2,163.17 1 1
github.com/jamesprial/mcp-universal-bridge/internal/config/config.go:167.35,168.24 1 1
github.com/jamesprial/mcp-universal-bridge/internal/config/config.go:168.24,170.3 1 1
github.com/jamesprial/mcp-universal-bridge/internal/config/config.go:172.2,172.35 1 1
github.com/jamesprial/mcp-universal-bridge/internal/config/config.go:172.35,174.3 1 1
github.com/jamesprial/mcp-universal-bridge/internal/config/config.go:176.2,176.39 1 1
github.com/jamesprial/mcp-universal-bridge/internal/config/config.go:176.39,178.3 1 1
github.com/jamesprial/mcp-universal-bridge/internal/config/config.go:180.2,180.29 1 1
github.com/jamesprial/mcp-universal-bridge/internal/config/config.go:180.29,182.3 1 1
github.com/jamesprial/mcp-universal-bridge/internal/config/config.go:184.2,184.29 1 1
github.com/jamesprial/mcp-universal-bridge/internal/config/config.go:184.29,186.3 1 1
github.com/jamesprial/mcp-universal-bridge/internal/config/config.go:188.2,188.12 1 1
github.com/jamesprial/mcp-universal-bridge/internal/config/config.go:192.34,195.2 2 1
github.com/jamesprial/mcp-universal-bridge/internal/bridge/bridge.go:53.47,58.16 3 1
github.com/jamesprial/mcp-universal-bridge/internal/bridge/bridge.go:58.16,60.3 1 0
github.com/jamesprial/mcp-universal-bridge/internal/bridge/bridge.go:63.2,64.40 2 1
github.com/jamesprial/mcp-universal-bridge/internal/bridge/bridge.go:64.40,67.3 2 0
github.com/jamesprial/mcp-universal-bridge/internal/bridge/bridge.go:69.2,70.23 2 1
github.com/jamesprial/mcp-universal-bridge/internal/bridge/bridge.go:71.24,72.69 1 0
github.com/jamesprial/mcp-universal-bridge/internal/bridge/bridge.go:73.30,75.68 1 0
github.com/jamesprial/mcp-universal-bridge/internal/bridge/bridge.go:76.25,78.71 1 1
github.com/jamesprial/mcp-universal-bridge/internal/bridge/bridge.go:79.10,80.69 1 0
github.com/jamesprial/mcp-universal-bridge/internal/bridge/bridge.go:83.2,90.8 1 0
github.com/jamesprial/mcp-universal-bridge/internal/bridge/bridge.go:94.51,96.43 1 0
github.com/jamesprial/mcp-universal-bridge/internal/bridge/bridge.go:96.43,98.3 1 0
github.com/jamesprial/mcp-universal-bridge/internal/bridge/bridge.go:101.2,101.46 1 0
github.com/jamesprial/mcp-universal-bridge/internal/bridge/bridge.go:101.46,103.3 1 0
github.com/jamesprial/mcp-universal-bridge/internal/bridge/bridge.go:106.2,111.41 4 0
github.com/jamesprial/mcp-universal-bridge/internal/bridge/bridge.go:111.41,113.3 1 0
github.com/jamesprial/mcp-universal-bridge/internal/bridge/bridge.go:115.2,123.12 3 0
github.com/jamesprial/mcp-universal-bridge/internal/bridge/bridge.go:126.58,129.6 2 0
github.com/jamesprial/mcp-universal-bridge/internal/bridge/bridge.go:129.6,130.10 1 0
github.com/jamesprial/mcp-universal-bridge/internal/bridge/bridge.go:131.21,132.10 1 0
github.com/jamesprial/mcp-universal-bridge/internal/bridge/bridge.go:133.35,134.18 1 0
github.com/jamesprial/mcp-universal-bridge/internal/bridge/bridge.go:134.18,135.13 1 0
github.com/jamesprial/mcp-universal-bridge/internal/bridge/bridge.go:139.4,143.40 3 0
github.com/jamesprial/mcp-universal-bridge/internal/bridge/bridge.go:143.40,149.5 3 0
github.com/jamesprial/mcp-universal-bridge/internal/bridge/bridge.go:152.4,152.45 1 0
github.com/jamesprial/mcp-universal-bridge/internal/bridge/bridge.go:152.45,155.5 2 0
github.com/jamesprial/mcp-universal-bridge/internal/bridge/bridge.go:155.10,157.5 1 0
github.com/jamesprial/mcp-universal-bridge/internal/bridge/bridge.go:159.4,160.30 2 0
github.com/jamesprial/mcp-universal-bridge/internal/bridge/bridge.go:165.58,168.6 2 0
github.com/jamesprial/mcp-universal-bridge/internal/bridge/bridge.go:168.6,169.10 1 0
github.com/jamesprial/mcp-universal-bridge/internal/bridge/bridge.go:170.21,171.10 1 0
github.com/jamesprial/mcp-universal-bridge/internal/bridge/bridge.go:172.36,173.18 1 0
github.com/jamesprial/mcp-universal-bridge/internal/bridge/bridge.go:173.18,174.13 1 0
github.com/jamesprial/mcp-universal-bridge/internal/bridge/bridge.go:178.4,182.41 3 0
github.com/jamesprial/mcp-universal-bridge/internal/bridge/bridge.go:182.41,184.5 1 0
github.com/jamesprial/mcp-universal-bridge/internal/bridge/bridge.go:184.10,186.45 1 0
github.com/jamesprial/mcp-universal-bridge/internal/bridge/bridge.go:186.45,189.6 2 0
github.com/jamesprial/mcp-universal-bridge/internal/bridge/bridge.go:189.11,191.6 1 0
github.com/jamesprial/mcp-universal-bridge/internal/bridge/bridge.go:194.4,195.30 2 0
github.com/jamesprial/mcp-universal-bridge/internal/bridge/bridge.go:200.95,201.9 1 1
github.com/jamesprial/mcp-universal-bridge/internal/bridge/bridge.go:202.26,204.44 1 1
github.com/jamesprial/mcp-universal-bridge/internal/bridge/bridge.go:204.44,206.4 1 0
github.com/jamesprial/mcp-universal-bridge/internal/bridge/bridge.go:207.38,210.50 2 0
github.com/jamesprial/mcp-universal-bridge/internal/bridge/bridge.go:211.20,212.9 1 1
github.com/jamesprial/mcp-universal-bridge/internal/bridge/bridge.go:217.32,221.61 2 1
github.com/jamesprial/mcp-universal-bridge/internal/bridge/bridge.go:221.61,223.3 1 1
github.com/jamesprial/mcp-universal-bridge/internal/bridge/bridge.go:226.2,226.20 1 1
github.com/jamesprial/mcp-universal-bridge/internal/bridge/bridge.go:226.20,228.3 1 0
github.com/jamesprial/mcp-universal-bridge/internal/bridge/bridge.go:229.2,229.21 1 1
github.com/jamesprial/mcp-universal-bridge/internal/bridge/bridge.go:229.21,231.3 1 1
github.com/jamesprial/mcp-universal-bridge/internal/bridge/bridge.go:233.2,233.12 1 1
github.com/jamesprial/mcp-universal-bridge/internal/bridge/bridge.go:237.76,239.2 1 1
github.com/jamesprial/mcp-universal-bridge/internal/bridge/bridge.go:241.50,243.2 1 1
github.com/jamesprial/mcp-universal-bridge/internal/bridge/bridge.go:245.49,246.19 1 1
github.com/jamesprial/mcp-universal-bridge/internal/bridge/bridge.go:246.19,248.3 1 1
github.com/jamesprial/mcp-universal-bridge/internal/bridge/bridge.go:250.2,251.50 2 1
github.com/jamesprial/mcp-universal-bridge/internal/bridge/bridge.go:251.50,253.10 2 1
github.com/jamesprial/mcp-universal-bridge/internal/bridge/bridge.go:254.24,254.24 0 1
github.com/jamesprial/mcp-universal-bridge/internal/bridge/bridge.go:255.11,256.60 1 0
github.com/jamesprial/mcp-universal-bridge/internal/bridge/bridge.go:262.43,266.2 3 1
github.com/jamesprial/mcp-universal-bridge/internal/bridge/bridge.go:268.56,271.16 3 1
github.com/jamesprial/mcp-universal-bridge/internal/bridge/bridge.go:271.16,273.3 1 0
github.com/jamesprial/mcp-universal-bridge/internal/bridge/bridge.go:275.2,277.16 3 1
github.com/jamesprial/mcp-universal-bridge/internal/bridge/bridge.go:277.16,279.3 1 1
github.com/jamesprial/mcp-universal-bridge/internal/bridge/bridge.go:280.2,282.12 2 1
github.com/jamesprial/mcp-universal-bridge/internal/bridge/bridge.go:286.63,289.16 3 1
github.com/jamesprial/mcp-universal-bridge/internal/bridge/bridge.go:289.16,291.3 1 1
github.com/jamesprial/mcp-universal-bridge/internal/bridge/bridge.go:292.2,294.38 2 1
github.com/jamesprial/mcp-universal-bridge/internal/bridge/bridge.go:294.38,296.3 1 1
github.com/jamesprial/mcp-universal-bridge/internal/bridge/bridge.go:298.2,302.67 2 1
github.com/jamesprial/mcp-universal-bridge/internal/bridge/bridge.go:302.67,304.3 1 1
github.com/jamesprial/mcp-universal-bridge/internal/bridge/bridge.go:306.2,311.8 1 1
github.com/jamesprial/mcp-universal-bridge/internal/bridge/bridge.go:314.58,322.16 6 1
github.com/jamesprial/mcp-universal-bridge/internal/bridge/bridge.go:322.16,324.39 2 1
github.com/jamesprial/mcp-universal-bridge/internal/bridge/bridge.go:324.39,326.53 2 1
github.com/jamesprial/mcp-universal-bridge/internal/bridge/bridge.go:326.53,328.5 1 1
github.com/jamesprial/mcp-universal-bridge/internal/bridge/bridge.go:333.2,333.26 1 1
github.com/jamesprial/mcp-universal-bridge/internal/bridge/metrics.go:23.28,66.2 1 0
github.com/jamesprial/mcp-universal-bridge/internal/bridge/metrics.go:69.35,75.74 3 0
github.com/jamesprial/mcp-universal-bridge/internal/bridge/metrics.go:75.74,78.3 2 0
github.com/jamesprial/mcp-universal-bridge/internal/bridge/metrics.go:80.2,82.55 2 0
github.com/jamesprial/mcp-universal-bridge/internal/bridge/metrics.go:82.55,84.3 1 0
github.com/jamesprial/mcp-universal-bridge/internal/transport/sse.go:53.59,73.2 1 1
github.com/jamesprial/mcp-universal-bridge/internal/transport/sse.go:76.56,77.44 1 1
github.com/jamesprial/mcp-universal-bridge/internal/transport/sse.go:77.44,79.3 1 1
github.com/jamesprial/mcp-universal-bridge/internal/transport/sse.go:82.65,83.6 1 1
github.com/jamesprial/mcp-universal-bridge/internal/transport/sse.go:83.6,85.17 2 1
github.com/jamesprial/mcp-universal-bridge/internal/transport/sse.go:85.17,88.4 2 1
github.com/jamesprial/mcp-universal-bridge/internal/transport/sse.go:90.3,93.10 3 1
github.com/jamesprial/mcp-universal-bridge/internal/transport/sse.go:94.28,95.12 1 1
github.com/jamesprial/mcp-universal-bridge/internal/transport/sse.go:96.21,97.20 1 1
github.com/jamesprial/mcp-universal-bridge/internal/transport/sse.go:102.58,105.16 3 1
github.com/jamesprial/mcp-universal-bridge/internal/transport/sse.go:105.16,107.3 1 0
github.com/jamesprial/mcp-universal-bridge/internal/transport/sse.go:109.2,114.16 5 1
github.com/jamesprial/mcp-universal-bridge/internal/transport/sse.go:114.16,116.3 1 1
github.com/jamesprial/mcp-universal-bridge/internal/transport/sse.go:118.2,118.38 1 1
github.com/jamesprial/mcp-universal-bridge/internal/transport/sse.go:118.38,121.3 2 0
github.com/jamesprial/mcp-universal-bridge/internal/transport/sse.go:123.2,136.12 9 1
github.com/jamesprial/mcp-universal-bridge/internal/transport/sse.go:139.73,141.15 2 1
github.com/jamesprial/mcp-universal-bridge/internal/transport/sse.go:141.15,145.3 3 1
github.com/jamesprial/mcp-universal-bridge/internal/transport/sse.go:147.2,152.21 4 1
github.com/jamesprial/mcp-universal-bridge/internal/transport/sse.go:152.21,156.43 2 1
github.com/jamesprial/mcp-universal-bridge/internal/transport/sse.go:156.43,159.12 3 1
github.com/jamesprial/mcp-universal-bridge/internal/transport/sse.go:163.3,163.46 1 1
github.com/jamesprial/mcp-universal-bridge/internal/transport/sse.go:163.46,165.4 1 1
github.com/jamesprial/mcp-universal-bridge/internal/transport/sse.go:165.9,165.48 1 1
github.com/jamesprial/mcp-universal-bridge/internal/transport/sse.go:165.48,167.12 1 1
github.com/jamesprial/mcp-universal-bridge/internal/transport/sse.go:171.2,171.38 1 1
github.com/jamesprial/mcp-universal-bridge/internal/transport/sse.go:171.38,173.3 1 1
github.com/jamesprial/mcp-universal-bridge/internal/transport/sse.go:176.47,178.16 2 1
github.com/jamesprial/mcp-universal-bridge/internal/transport/sse.go:178.16,181.3 2 1
github.com/jamesprial/mcp-universal-bridge/internal/transport/sse.go:183.2,183.9 1 1
github.com/jamesprial/mcp-universal-bridge/internal/transport/sse.go:184.23,185.66 1 1
github.com/jamesprial/mcp-universal-bridge/internal/transport/sse.go:186.10,187.57 1 1
github.com/jamesprial/mcp-universal-bridge/internal/transport/sse.go:191.51,192.6 1 1
github.com/jamesprial/mcp-universal-bridge/internal/transport/sse.go:192.6,193.10 1 1
github.com/jamesprial/mcp-universal-bridge/internal/transport/sse.go:194.21,195.10 1 1
github.com/jamesprial/mcp-universal-bridge/internal/transport/sse.go:196.26,197.18 1 0
github.com/jamesprial/mcp-universal-bridge/internal/transport/sse.go:197.18,198.13 1 0
github.com/jamesprial/mcp-universal-bridge/internal/transport/sse.go:202.4,202.50 1 0
github.com/jamesprial/mcp-universal-bridge/internal/transport/sse.go:202.50,204.13 2 0
github.com/jamesprial/mcp-universal-bridge/internal/transport/sse.go:207.4,207.50 1 0
github.com/jamesprial/mcp-universal-bridge/internal/transport/sse.go:207.50,209.5 1 0
github.com/jamesprial/mcp-universal-bridge/internal/transport/sse.go:214.78,218.16 3 1
github.com/jamesprial/mcp-universal-bridge/internal/transport/sse.go:218.16,220.3 1 0
github.com/jamesprial/mcp-universal-bridge/internal/transport/sse.go:222.2,223.16 2 1
github.com/jamesprial/mcp-universal-bridge/internal/transport/sse.go:223.16,225.3 1 0
github.com/jamesprial/mcp-universal-bridge/internal/transport/sse.go:227.2,230.16 3 1
github.com/jamesprial/mcp-universal-bridge/internal/transport/sse.go:230.16,232.3 1 0
github.com/jamesprial/mcp-universal-bridge/internal/transport/sse.go:233.2,235.80 2 1
github.com/jamesprial/mcp-universal-bridge/internal/transport/sse.go:235.80,237.3 1 0
github.com/jamesprial/mcp-universal-bridge/internal/transport/sse.go:239.2,239.12 1 1
github.com/jamesprial/mcp-universal-bridge/internal/transport/sse.go:243.50,244.9 1 1
github.com/jamesprial/mcp-universal-bridge/internal/transport/sse.go:245.23,246.13 1 1
github.com/jamesprial/mcp-universal-bridge/internal/transport/sse.go:247.10,248.35 1 1
github.com/jamesprial/mcp-universal-bridge/internal/transport/sse.go:253.51,255.2 1 1
github.com/jamesprial/mcp-universal-bridge/internal/transport/sse.go:258.40,262.2 3 1
github.com/jamesprial/mcp-universal-bridge/internal/transport/sse.go:265.35,266.21 1 1
github.com/jamesprial/mcp-universal-bridge/internal/transport/sse.go:266.21,268.3 1 0
github.com/jamesprial/mcp-universal-bridge/internal/transport/sse.go:269.2,271.12 3 1
github.com/jamesprial/mcp-universal-bridge/internal/transport/sse.go:275.57,280.34 4 1
github.com/jamesprial/mcp-universal-bridge/internal/transport/sse.go:280.34,282.3 1 1
github.com/jamesprial/mcp-universal-bridge/internal/transport/sse.go:284.2,284.29 1 1
github.com/jamesprial/mcp-universal-bridge/internal/transport/sse.go:284.29,286.3 1 1
github.com/jamesprial/mcp-universal-bridge/internal/transport/sse.go:289.2,292.38 3 1
github.com/jamesprial/mcp-universal-bridge/internal/transport/sse.go:296.39,300.2 3 1
github.com/jamesprial/mcp-universal-bridge/internal/transport/sse.go:303.55,308.19 3 1
github.com/jamesprial/mcp-universal-bridge/internal/transport/sse.go:308.19,309.52 1 1
github.com/jamesprial/mcp-universal-bridge/internal/transport/sse.go:309.52,312.4 2 1
github.com/jamesprial/mcp-universal-bridge/internal/transport/sse.go:312.9,314.4 1 1
github.com/jamesprial/mcp-universal-bridge/internal/transport/sse.go:317.2,318.16 2 1
github.com/jamesprial/mcp-universal-bridge/internal/transport/sse.go:318.16,322.36 3 1
github.com/jamesprial/mcp-universal-bridge/internal/transport/sse.go:322.36,325.4 2 1
github.com/jamesprial/mcp-universal-bridge/internal/transport/sse.go:326.3,326.13 1 1
github.com/jamesprial/mcp-universal-bridge/internal/transport/sse.go:330.2,330.19 1 1
github.com/jamesprial/mcp-universal-bridge/internal/transport/sse.go:330.19,333.3 2 1
github.com/jamesprial/mcp-universal-bridge/internal/transport/sse.go:334.2,336.12 2 1
github.com/jamesprial/mcp-universal-bridge/internal/transport/sse.go:340.26,342.2 1 1
github.com/jamesprial/mcp-universal-bridge/internal/transport/stdio.go:26.38,33.28 1 1
github.com/jamesprial/mcp-universal-bridge/internal/transport/stdio.go:33.28,35.5 1 1
github.com/jamesprial/mcp-universal-bridge/internal/transport/stdio.go:41.57,53.2 5 1
github.com/jamesprial/mcp-universal-bridge/internal/transport/stdio.go:55.54,58.6 2 1
github.com/jamesprial/mcp-universal-bridge/internal/transport/stdio.go:58.6,59.10 1 1
github.com/jamesprial/mcp-universal-bridge/internal/transport/stdio.go:60.21,61.10 1 0
github.com/jamesprial/mcp-universal-bridge/internal/transport/stdio.go:62.11,63.23 1 1
github.com/jamesprial/mcp-universal-bridge/internal/transport/stdio.go:63.23,64.41 1 1
github.com/jamesprial/mcp-universal-bridge/internal/transport/stdio.go:64.41,66.6 1 1
github.com/jamesprial/mcp-universal-bridge/internal/transport/stdio.go:67.5,67.11 1 1
github.com/jamesprial/mcp-universal-bridge/internal/transport/stdio.go:70.4,71.22 2 1
github.com/jamesprial/mcp-universal-bridge/internal/transport/stdio.go:71.22,72.13 1 1
github.com/jamesprial/mcp-universal-bridge/internal/transport/stdio.go:75.4,76.18 2 1
github.com/jamesprial/mcp-universal-bridge/internal/transport/stdio.go:76.18,78.13 2 1
github.com/jamesprial/mcp-universal-bridge/internal/transport/stdio.go:81.4,81.11 1 1
github.com/jamesprial/mcp-universal-bridge/internal/transport/stdio.go:82.24,83.77 1 1
github.com/jamesprial/mcp-universal-bridge/internal/transport/stdio.go:84.22,85.11 1 0
github.com/jamesprial/mcp-universal-bridge/internal/transport/stdio.go:91.55,92.6 1 1
github.com/jamesprial/mcp-universal-bridge/internal/transport/stdio.go:92.6,93.10 1 1
github.com/jamesprial/mcp-universal-bridge/internal/transport/stdio.go:94.21,95.10 1 0
github.com/jamesprial/mcp-universal-bridge/internal/transport/stdio.go:96.26,97.18 1 1
github.com/jamesprial/mcp-universal-bridge/internal/transport/stdio.go:97.18,98.13 1 1
github.com/jamesprial/mcp-universal-bridge/internal/transport/stdio.go:101.4,102.18 2 1
github.com/jamesprial/mcp-universal-bridge/internal/transport/stdio.go:102.18,104.13 2 0
github.com/jamesprial/mcp-universal-bridge/internal/transport/stdio.go:107.4,108.16 2 1
github.com/jamesprial/mcp-universal-bridge/internal/transport/stdio.go:108.16,111.5 2 1
github.com/jamesprial/mcp-universal-bridge/internal/transport/stdio.go:113.4,114.18 2 1
github.com/jamesprial/mcp-universal-bridge/internal/transport/stdio.go:114.18,116.5 1 1
github.com/jamesprial/mcp-universal-bridge/internal/transport/stdio.go:117.4,117.18 1 1
github.com/jamesprial/mcp-universal-bridge/internal/transport/stdio.go:117.18,119.5 1 1
github.com/jamesprial/mcp-universal-bridge/internal/transport/stdio.go:120.4,122.18 2 1
github.com/jamesprial/mcp-universal-bridge/internal/transport/stdio.go:122.18,125.5 2 0
github.com/jamesprial/mcp-universal-bridge/internal/transport/stdio.go:127.4,127.71 1 1
github.com/jamesprial/mcp-universal-bridge/internal/transport/stdio.go:133.53,135.14 2 1
github.com/jamesprial/mcp-universal-bridge/internal/transport/stdio.go:135.14,138.3 2 0
github.com/jamesprial/mcp-universal-bridge/internal/transport/stdio.go:139.2,141.9 2 1
github.com/jamesprial/mcp-universal-bridge/internal/transport/stdio.go:142.23,143.13 1 1
github.com/jamesprial/mcp-universal-bridge/internal/transport/stdio.go:144.10,145.35 1 1
github.com/jamesprial/mcp-universal-bridge/internal/transport/stdio.go:150.54,152.2 1 1
github.com/jamesprial/mcp-universal-bridge/internal/transport/stdio.go:155.38,159.14 3 1
github.com/jamesprial/mcp-universal-bridge/internal/transport/stdio.go:159.14,161.3 1 1
github.com/jamesprial/mcp-universal-bridge/internal/transport/stdio.go:163.2,165.25 3 1
